{"C:\\Users\\EE04997\\Desktop\\projects\\pdf-preview-fe-global\\src\\components\\navbarHeader\\NavBarHeader.tsx": {"path":"C:\\Users\\EE04997\\Desktop\\projects\\pdf-preview-fe-global\\src\\components\\navbarHeader\\NavBarHeader.tsx","statementMap":{"0":{"start":{"line":23,"column":35},"end":{"line":23,"column":41}},"1":{"start":{"line":32,"column":21},"end":{"line":32,"column":77}},"2":{"start":{"line":33,"column":28},"end":{"line":33,"column":36}},"3":{"start":{"line":34,"column":32},"end":{"line":34,"column":85}},"4":{"start":{"line":37,"column":4},"end":{"line":37,"column":92}},"5":{"start":{"line":37,"column":86},"end":{"line":37,"column":92}},"6":{"start":{"line":38,"column":4},"end":{"line":38,"column":110}},"7":{"start":{"line":39,"column":4},"end":{"line":39,"column":46}},"8":{"start":{"line":40,"column":4},"end":{"line":40,"column":109}},"9":{"start":{"line":42,"column":2},"end":{"line":78,"column":3}},"10":{"start":{"line":52,"column":14},"end":{"line":52,"column":120}},"11":{"start":{"line":53,"column":14},"end":{"line":53,"column":38}},"12":{"start":{"line":54,"column":14},"end":{"line":54,"column":119}},"13":{"start":{"line":72,"column":14},"end":{"line":72,"column":31}}},"fnMap":{"0":{"name":"NavBarHeader","decl":{"start":{"line":25,"column":24},"end":{"line":25,"column":36}},"loc":{"start":{"line":31,"column":31},"end":{"line":79,"column":1}},"line":31},"1":{"name":"showHelpModal","decl":{"start":{"line":36,"column":11},"end":{"line":36,"column":24}},"loc":{"start":{"line":36,"column":33},"end":{"line":41,"column":3}},"line":36},"2":{"name":"(anonymous_2)","decl":{"start":{"line":51,"column":21},"end":{"line":51,"column":22}},"loc":{"start":{"line":51,"column":33},"end":{"line":55,"column":13}},"line":51},"3":{"name":"(anonymous_3)","decl":{"start":{"line":71,"column":21},"end":{"line":71,"column":22}},"loc":{"start":{"line":71,"column":27},"end":{"line":73,"column":13}},"line":71}},"branchMap":{"0":{"loc":{"start":{"line":37,"column":4},"end":{"line":37,"column":92}},"type":"if","locations":[{"start":{"line":37,"column":4},"end":{"line":37,"column":92}},{"start":{},"end":{}}],"line":37},"1":{"loc":{"start":{"line":45,"column":9},"end":{"line":57,"column":9}},"type":"binary-expr","locations":[{"start":{"line":45,"column":9},"end":{"line":45,"column":23}},{"start":{"line":46,"column":10},"end":{"line":56,"column":12}}],"line":45},"2":{"loc":{"start":{"line":60,"column":9},"end":{"line":62,"column":9}},"type":"binary-expr","locations":[{"start":{"line":60,"column":9},"end":{"line":60,"column":26}},{"start":{"line":61,"column":10},"end":{"line":61,"column":118}}],"line":60},"3":{"loc":{"start":{"line":65,"column":9},"end":{"line":75,"column":9}},"type":"binary-expr","locations":[{"start":{"line":65,"column":9},"end":{"line":65,"column":24}},{"start":{"line":66,"column":10},"end":{"line":74,"column":12}}],"line":65}},"s":{"0":3,"1":5,"2":5,"3":5,"4":0,"5":0,"6":0,"7":0,"8":0,"9":5,"10":1,"11":1,"12":1,"13":1},"f":{"0":5,"1":0,"2":1,"3":1},"b":{"0":[0,0],"1":[5,4],"2":[5,4],"3":[5,4]},"_coverageSchema":"1a1c01bbd47fc00a2c39e90264f33305004495a9","hash":"f42c5ac5c2c24f6a30ea0781c0b24e8977bc1b5e"}
,"C:\\Users\\EE04997\\Desktop\\projects\\pdf-preview-fe-global\\src\\components\\rejectConfirmButtons\\RejectConfirmButtons.tsx": {"path":"C:\\Users\\EE04997\\Desktop\\projects\\pdf-preview-fe-global\\src\\components\\rejectConfirmButtons\\RejectConfirmButtons.tsx","statementMap":{"0":{"start":{"line":22,"column":32},"end":{"line":22,"column":38}},"1":{"start":{"line":25,"column":35},"end":{"line":25,"column":60}},"2":{"start":{"line":26,"column":21},"end":{"line":26,"column":77}},"3":{"start":{"line":27,"column":32},"end":{"line":27,"column":85}},"4":{"start":{"line":30,"column":4},"end":{"line":30,"column":109}},"5":{"start":{"line":31,"column":4},"end":{"line":36,"column":5}},"6":{"start":{"line":32,"column":6},"end":{"line":32,"column":41}},"7":{"start":{"line":34,"column":18},"end":{"line":34,"column":52}},"8":{"start":{"line":35,"column":6},"end":{"line":35,"column":43}},"9":{"start":{"line":37,"column":4},"end":{"line":37,"column":108}},"10":{"start":{"line":39,"column":2},"end":{"line":66,"column":3}},"11":{"start":{"line":47,"column":12},"end":{"line":47,"column":25}},"12":{"start":{"line":59,"column":12},"end":{"line":59,"column":39}}},"fnMap":{"0":{"name":"RejectConfirmButtons","decl":{"start":{"line":24,"column":24},"end":{"line":24,"column":44}},"loc":{"start":{"line":24,"column":89},"end":{"line":67,"column":1}},"line":24},"1":{"name":"actOnReject","decl":{"start":{"line":29,"column":11},"end":{"line":29,"column":22}},"loc":{"start":{"line":29,"column":31},"end":{"line":38,"column":3}},"line":29},"2":{"name":"(anonymous_2)","decl":{"start":{"line":46,"column":19},"end":{"line":46,"column":20}},"loc":{"start":{"line":46,"column":25},"end":{"line":48,"column":11}},"line":46},"3":{"name":"(anonymous_3)","decl":{"start":{"line":58,"column":19},"end":{"line":58,"column":20}},"loc":{"start":{"line":58,"column":25},"end":{"line":60,"column":11}},"line":58}},"branchMap":{"0":{"loc":{"start":{"line":31,"column":4},"end":{"line":36,"column":5}},"type":"if","locations":[{"start":{"line":31,"column":4},"end":{"line":36,"column":5}},{"start":{"line":33,"column":11},"end":{"line":36,"column":5}}],"line":31},"1":{"loc":{"start":{"line":53,"column":23},"end":{"line":53,"column":41}},"type":"cond-expr","locations":[{"start":{"line":53,"column":34},"end":{"line":53,"column":36}},{"start":{"line":53,"column":39},"end":{"line":53,"column":41}}],"line":53}},"s":{"0":2,"1":0,"2":0,"3":0,"4":0,"5":0,"6":0,"7":0,"8":0,"9":0,"10":0,"11":0,"12":0},"f":{"0":0,"1":0,"2":0,"3":0},"b":{"0":[0,0],"1":[0,0]},"_coverageSchema":"1a1c01bbd47fc00a2c39e90264f33305004495a9","hash":"1a253c1ae679673c4b9c8fe803368f8f45d092f6"}
,"C:\\Users\\EE04997\\Desktop\\projects\\pdf-preview-fe-global\\src\\features\\documentList\\DocumentListView.tsx": {"path":"C:\\Users\\EE04997\\Desktop\\projects\\pdf-preview-fe-global\\src\\features\\documentList\\DocumentListView.tsx","statementMap":{"0":{"start":{"line":11,"column":23},"end":{"line":11,"column":54}},"1":{"start":{"line":12,"column":27},"end":{"line":12,"column":65}},"2":{"start":{"line":14,"column":29},"end":{"line":28,"column":3}},"3":{"start":{"line":15,"column":26},"end":{"line":21,"column":5}},"4":{"start":{"line":16,"column":6},"end":{"line":20,"column":7}},"5":{"start":{"line":23,"column":4},"end":{"line":27,"column":5}},"6":{"start":{"line":30,"column":2},"end":{"line":30,"column":116}}},"fnMap":{"0":{"name":"DocumentListView","decl":{"start":{"line":10,"column":24},"end":{"line":10,"column":40}},"loc":{"start":{"line":10,"column":57},"end":{"line":31,"column":1}},"line":10},"1":{"name":"(anonymous_1)","decl":{"start":{"line":14,"column":29},"end":{"line":14,"column":30}},"loc":{"start":{"line":14,"column":49},"end":{"line":28,"column":3}},"line":14},"2":{"name":"(anonymous_2)","decl":{"start":{"line":15,"column":43},"end":{"line":15,"column":44}},"loc":{"start":{"line":16,"column":6},"end":{"line":20,"column":7}},"line":16}},"branchMap":{"0":{"loc":{"start":{"line":16,"column":6},"end":{"line":20,"column":7}},"type":"cond-expr","locations":[{"start":{"line":17,"column":8},"end":{"line":17,"column":72}},{"start":{"line":19,"column":8},"end":{"line":19,"column":72}}],"line":16},"1":{"loc":{"start":{"line":23,"column":11},"end":{"line":27,"column":5}},"type":"cond-expr","locations":[{"start":{"line":24,"column":6},"end":{"line":24,"column":26}},{"start":{"line":26,"column":6},"end":{"line":26,"column":82}}],"line":23},"2":{"loc":{"start":{"line":30,"column":9},"end":{"line":30,"column":116}},"type":"cond-expr","locations":[{"start":{"line":30,"column":77},"end":{"line":30,"column":97}},{"start":{"line":30,"column":100},"end":{"line":30,"column":116}}],"line":30},"3":{"loc":{"start":{"line":30,"column":9},"end":{"line":30,"column":74}},"type":"binary-expr","locations":[{"start":{"line":30,"column":9},"end":{"line":30,"column":38}},{"start":{"line":30,"column":42},"end":{"line":30,"column":74}}],"line":30}},"s":{"0":4,"1":4,"2":4,"3":2,"4":2,"5":2,"6":4},"f":{"0":4,"1":2,"2":2},"b":{"0":[1,1],"1":[1,1],"2":[2,2],"3":[4,2]},"_coverageSchema":"1a1c01bbd47fc00a2c39e90264f33305004495a9","hash":"2e7a1882b12cfef5b4e5908f191b6491ebe75044"}
,"C:\\Users\\EE04997\\Desktop\\projects\\pdf-preview-fe-global\\src\\features\\documentList\\components\\structure\\DocumentCard.tsx": {"path":"C:\\Users\\EE04997\\Desktop\\projects\\pdf-preview-fe-global\\src\\features\\documentList\\components\\structure\\DocumentCard.tsx","statementMap":{"0":{"start":{"line":17,"column":62},"end":{"line":17,"column":70}},"1":{"start":{"line":18,"column":19},"end":{"line":18,"column":32}},"2":{"start":{"line":19,"column":21},"end":{"line":21,"column":3}},"3":{"start":{"line":23,"column":21},"end":{"line":23,"column":52}},"4":{"start":{"line":24,"column":2},"end":{"line":48,"column":3}},"5":{"start":{"line":37,"column":16},"end":{"line":39,"column":17}},"6":{"start":{"line":40,"column":16},"end":{"line":40,"column":71}},"7":{"start":{"line":41,"column":16},"end":{"line":43,"column":17}}},"fnMap":{"0":{"name":"DocumentCard","decl":{"start":{"line":16,"column":24},"end":{"line":16,"column":36}},"loc":{"start":{"line":16,"column":95},"end":{"line":49,"column":1}},"line":16},"1":{"name":"(anonymous_1)","decl":{"start":{"line":36,"column":14},"end":{"line":36,"column":15}},"loc":{"start":{"line":36,"column":20},"end":{"line":44,"column":15}},"line":36}},"branchMap":{"0":{"loc":{"start":{"line":30,"column":15},"end":{"line":30,"column":50}},"type":"cond-expr","locations":[{"start":{"line":30,"column":35},"end":{"line":30,"column":43}},{"start":{"line":30,"column":46},"end":{"line":30,"column":50}}],"line":30},"1":{"loc":{"start":{"line":32,"column":21},"end":{"line":32,"column":91}},"type":"cond-expr","locations":[{"start":{"line":32,"column":34},"end":{"line":32,"column":40}},{"start":{"line":32,"column":43},"end":{"line":32,"column":91}}],"line":32},"2":{"loc":{"start":{"line":34,"column":10},"end":{"line":44,"column":15}},"type":"cond-expr","locations":[{"start":{"line":35,"column":14},"end":{"line":35,"column":23}},{"start":{"line":36,"column":14},"end":{"line":44,"column":15}}],"line":34}},"s":{"0":5,"1":5,"2":5,"3":5,"4":5,"5":1,"6":1,"7":1},"f":{"0":5,"1":1},"b":{"0":[4,1],"1":[2,3],"2":[2,3]},"_coverageSchema":"1a1c01bbd47fc00a2c39e90264f33305004495a9","hash":"40577d5e9583f5e99d63d14a17bca1683c9abbf5"}
,"C:\\Users\\EE04997\\Desktop\\projects\\pdf-preview-fe-global\\src\\features\\documentList\\components\\structure\\DocumentLink.tsx": {"path":"C:\\Users\\EE04997\\Desktop\\projects\\pdf-preview-fe-global\\src\\features\\documentList\\components\\structure\\DocumentLink.tsx","statementMap":{"0":{"start":{"line":17,"column":41},"end":{"line":17,"column":49}},"1":{"start":{"line":18,"column":19},"end":{"line":18,"column":32}},"2":{"start":{"line":20,"column":2},"end":{"line":42,"column":3}},"3":{"start":{"line":29,"column":12},"end":{"line":31,"column":13}},"4":{"start":{"line":32,"column":12},"end":{"line":32,"column":67}},"5":{"start":{"line":33,"column":12},"end":{"line":35,"column":13}}},"fnMap":{"0":{"name":"DocumentLink","decl":{"start":{"line":16,"column":24},"end":{"line":16,"column":36}},"loc":{"start":{"line":16,"column":94},"end":{"line":43,"column":1}},"line":16},"1":{"name":"(anonymous_1)","decl":{"start":{"line":28,"column":19},"end":{"line":28,"column":20}},"loc":{"start":{"line":28,"column":25},"end":{"line":36,"column":11}},"line":28}},"branchMap":{"0":{"loc":{"start":{"line":26,"column":17},"end":{"line":26,"column":51}},"type":"cond-expr","locations":[{"start":{"line":26,"column":36},"end":{"line":26,"column":44}},{"start":{"line":26,"column":47},"end":{"line":26,"column":51}}],"line":26},"1":{"loc":{"start":{"line":38,"column":11},"end":{"line":38,"column":45}},"type":"cond-expr","locations":[{"start":{"line":38,"column":30},"end":{"line":38,"column":38}},{"start":{"line":38,"column":41},"end":{"line":38,"column":45}}],"line":38}},"s":{"0":4,"1":4,"2":4,"3":1,"4":1,"5":1},"f":{"0":4,"1":1},"b":{"0":[2,2],"1":[2,2]},"_coverageSchema":"1a1c01bbd47fc00a2c39e90264f33305004495a9","hash":"80ad0184cfd9e7e515e89d2462edf2258668248f"}
,"C:\\Users\\EE04997\\Desktop\\projects\\pdf-preview-fe-global\\src\\features\\documentList\\components\\structure\\TitleAndSubTitle.tsx": {"path":"C:\\Users\\EE04997\\Desktop\\projects\\pdf-preview-fe-global\\src\\features\\documentList\\components\\structure\\TitleAndSubTitle.tsx","statementMap":{"0":{"start":{"line":9,"column":24},"end":{"line":9,"column":87}},"1":{"start":{"line":11,"column":20},"end":{"line":11,"column":94}},"2":{"start":{"line":12,"column":2},"end":{"line":25,"column":3}}},"fnMap":{"0":{"name":"TitleAndSubTitle","decl":{"start":{"line":8,"column":24},"end":{"line":8,"column":40}},"loc":{"start":{"line":8,"column":57},"end":{"line":26,"column":1}},"line":8}},"branchMap":{"0":{"loc":{"start":{"line":11,"column":20},"end":{"line":11,"column":94}},"type":"cond-expr","locations":[{"start":{"line":11,"column":63},"end":{"line":11,"column":86}},{"start":{"line":11,"column":89},"end":{"line":11,"column":94}}],"line":11},"1":{"loc":{"start":{"line":15,"column":9},"end":{"line":19,"column":9}},"type":"binary-expr","locations":[{"start":{"line":15,"column":9},"end":{"line":15,"column":19}},{"start":{"line":16,"column":10},"end":{"line":18,"column":18}}],"line":15}},"s":{"0":6,"1":6,"2":6},"f":{"0":6},"b":{"0":[4,2],"1":[6,5]},"_coverageSchema":"1a1c01bbd47fc00a2c39e90264f33305004495a9","hash":"f509a032828f1186dae70dbc7f78e45710b59a21"}
,"C:\\Users\\EE04997\\Desktop\\projects\\pdf-preview-fe-global\\src\\features\\documentList\\mapper\\documentListInit.mapper.ts": {"path":"C:\\Users\\EE04997\\Desktop\\projects\\pdf-preview-fe-global\\src\\features\\documentList\\mapper\\documentListInit.mapper.ts","statementMap":{"0":{"start":{"line":15,"column":23},"end":{"line":15,"column":29}},"1":{"start":{"line":24,"column":81},"end":{"line":24,"column":89}},"2":{"start":{"line":25,"column":19},"end":{"line":25,"column":47}},"3":{"start":{"line":29,"column":4},"end":{"line":34,"column":85}},"4":{"start":{"line":35,"column":19},"end":{"line":35,"column":87}},"5":{"start":{"line":36,"column":22},"end":{"line":36,"column":93}},"6":{"start":{"line":37,"column":36},"end":{"line":37,"column":81}},"7":{"start":{"line":39,"column":30},"end":{"line":42,"column":13}},"8":{"start":{"line":43,"column":26},"end":{"line":43,"column":65}},"9":{"start":{"line":44,"column":18},"end":{"line":44,"column":79}},"10":{"start":{"line":46,"column":2},"end":{"line":55,"column":3}},"11":{"start":{"line":61,"column":20},"end":{"line":61,"column":115}},"12":{"start":{"line":61,"column":73},"end":{"line":61,"column":106}},"13":{"start":{"line":62,"column":31},"end":{"line":62,"column":67}},"14":{"start":{"line":64,"column":2},"end":{"line":78,"column":3}},"15":{"start":{"line":65,"column":38},"end":{"line":65,"column":58}},"16":{"start":{"line":66,"column":41},"end":{"line":67,"column":13}},"17":{"start":{"line":66,"column":68},"end":{"line":66,"column":113}},"18":{"start":{"line":68,"column":25},"end":{"line":68,"column":84}},"19":{"start":{"line":68,"column":54},"end":{"line":68,"column":83}},"20":{"start":{"line":69,"column":4},"end":{"line":69,"column":106}},"21":{"start":{"line":71,"column":4},"end":{"line":77,"column":6}}},"fnMap":{"0":{"name":"extractDocumentData","decl":{"start":{"line":23,"column":16},"end":{"line":23,"column":35}},"loc":{"start":{"line":23,"column":86},"end":{"line":56,"column":1}},"line":23},"1":{"name":"toDocumentListInitMapper","decl":{"start":{"line":58,"column":24},"end":{"line":58,"column":48}},"loc":{"start":{"line":60,"column":33},"end":{"line":79,"column":1}},"line":60},"2":{"name":"(anonymous_2)","decl":{"start":{"line":61,"column":63},"end":{"line":61,"column":64}},"loc":{"start":{"line":61,"column":73},"end":{"line":61,"column":106}},"line":61},"3":{"name":"(anonymous_3)","decl":{"start":{"line":66,"column":58},"end":{"line":66,"column":59}},"loc":{"start":{"line":66,"column":68},"end":{"line":66,"column":113}},"line":66},"4":{"name":"(anonymous_4)","decl":{"start":{"line":68,"column":40},"end":{"line":68,"column":41}},"loc":{"start":{"line":68,"column":54},"end":{"line":68,"column":83}},"line":68}},"branchMap":{"0":{"loc":{"start":{"line":29,"column":4},"end":{"line":34,"column":85}},"type":"binary-expr","locations":[{"start":{"line":29,"column":5},"end":{"line":34,"column":15}},{"start":{"line":34,"column":21},"end":{"line":34,"column":84}}],"line":29},"1":{"loc":{"start":{"line":44,"column":18},"end":{"line":44,"column":79}},"type":"cond-expr","locations":[{"start":{"line":44,"column":46},"end":{"line":44,"column":61}},{"start":{"line":44,"column":64},"end":{"line":44,"column":79}}],"line":44},"2":{"loc":{"start":{"line":64,"column":2},"end":{"line":78,"column":3}},"type":"if","locations":[{"start":{"line":64,"column":2},"end":{"line":78,"column":3}},{"start":{"line":70,"column":9},"end":{"line":78,"column":3}}],"line":64}},"s":{"0":1,"1":1,"2":1,"3":1,"4":1,"5":1,"6":1,"7":1,"8":1,"9":1,"10":1,"11":0,"12":0,"13":0,"14":0,"15":0,"16":0,"17":0,"18":0,"19":0,"20":0,"21":0},"f":{"0":1,"1":0,"2":0,"3":0,"4":0},"b":{"0":[1,0],"1":[1,0],"2":[0,0]},"_coverageSchema":"1a1c01bbd47fc00a2c39e90264f33305004495a9","hash":"f6a6c3b84ecbb5863e6dc756dd43346757b05506"}
,"C:\\Users\\EE04997\\Desktop\\projects\\pdf-preview-fe-global\\src\\features\\documentList\\slices\\DocumentsSlice.ts": {"path":"C:\\Users\\EE04997\\Desktop\\projects\\pdf-preview-fe-global\\src\\features\\documentList\\slices\\DocumentsSlice.ts","statementMap":{"0":{"start":{"line":8,"column":36},"end":{"line":12,"column":1}},"1":{"start":{"line":14,"column":30},"end":{"line":20,"column":2}},"2":{"start":{"line":18,"column":75},"end":{"line":18,"column":89}},"3":{"start":{"line":22,"column":31},"end":{"line":22,"column":101}},"4":{"start":{"line":22,"column":71},"end":{"line":22,"column":101}},"5":{"start":{"line":23,"column":38},"end":{"line":23,"column":107}},"6":{"start":{"line":23,"column":70},"end":{"line":23,"column":107}},"7":{"start":{"line":24,"column":31},"end":{"line":24,"column":93}},"8":{"start":{"line":24,"column":63},"end":{"line":24,"column":93}},"9":{"start":{"line":26,"column":35},"end":{"line":26,"column":57}}},"fnMap":{"0":{"name":"(anonymous_0)","decl":{"start":{"line":18,"column":21},"end":{"line":18,"column":22}},"loc":{"start":{"line":18,"column":75},"end":{"line":18,"column":89}},"line":18},"1":{"name":"(anonymous_1)","decl":{"start":{"line":22,"column":31},"end":{"line":22,"column":32}},"loc":{"start":{"line":22,"column":71},"end":{"line":22,"column":101}},"line":22},"2":{"name":"(anonymous_2)","decl":{"start":{"line":23,"column":38},"end":{"line":23,"column":39}},"loc":{"start":{"line":23,"column":70},"end":{"line":23,"column":107}},"line":23},"3":{"name":"(anonymous_3)","decl":{"start":{"line":24,"column":31},"end":{"line":24,"column":32}},"loc":{"start":{"line":24,"column":63},"end":{"line":24,"column":93}},"line":24}},"branchMap":{},"s":{"0":3,"1":3,"2":1,"3":3,"4":1,"5":3,"6":1,"7":3,"8":1,"9":3},"f":{"0":1,"1":1,"2":1,"3":1},"b":{},"_coverageSchema":"1a1c01bbd47fc00a2c39e90264f33305004495a9","hash":"40e0b08c54a4662c77a08a829ea3b5f812b433fd"}
,"C:\\Users\\EE04997\\Desktop\\projects\\pdf-preview-fe-global\\src\\features\\pdfpreview\\components\\PdfDownloadButton.tsx": {"path":"C:\\Users\\EE04997\\Desktop\\projects\\pdf-preview-fe-global\\src\\features\\pdfpreview\\components\\PdfDownloadButton.tsx","statementMap":{"0":{"start":{"line":10,"column":22},"end":{"line":10,"column":28}},"1":{"start":{"line":18,"column":22},"end":{"line":30,"column":3}},"2":{"start":{"line":19,"column":4},"end":{"line":19,"column":108}},"3":{"start":{"line":20,"column":25},"end":{"line":20,"column":76}},"4":{"start":{"line":21,"column":16},"end":{"line":21,"column":49}},"5":{"start":{"line":23,"column":25},"end":{"line":23,"column":52}},"6":{"start":{"line":24,"column":4},"end":{"line":24,"column":27}},"7":{"start":{"line":25,"column":4},"end":{"line":25,"column":45}},"8":{"start":{"line":26,"column":4},"end":{"line":26,"column":24}},"9":{"start":{"line":28,"column":4},"end":{"line":28,"column":28}},"10":{"start":{"line":29,"column":4},"end":{"line":29,"column":107}},"11":{"start":{"line":32,"column":2},"end":{"line":46,"column":3}},"12":{"start":{"line":39,"column":12},"end":{"line":39,"column":25}}},"fnMap":{"0":{"name":"PdfDownloadButton","decl":{"start":{"line":17,"column":24},"end":{"line":17,"column":41}},"loc":{"start":{"line":17,"column":98},"end":{"line":47,"column":1}},"line":17},"1":{"name":"(anonymous_1)","decl":{"start":{"line":18,"column":22},"end":{"line":18,"column":23}},"loc":{"start":{"line":18,"column":34},"end":{"line":30,"column":3}},"line":18},"2":{"name":"(anonymous_2)","decl":{"start":{"line":38,"column":19},"end":{"line":38,"column":20}},"loc":{"start":{"line":38,"column":25},"end":{"line":40,"column":11}},"line":38}},"branchMap":{},"s":{"0":2,"1":2,"2":1,"3":1,"4":1,"5":1,"6":1,"7":1,"8":1,"9":1,"10":1,"11":2,"12":1},"f":{"0":2,"1":1,"2":1},"b":{},"_coverageSchema":"1a1c01bbd47fc00a2c39e90264f33305004495a9","hash":"30fe90ac7e0837b0de79453fc9973cb3a0f3c4fa"}
,"C:\\Users\\EE04997\\Desktop\\projects\\pdf-preview-fe-global\\src\\hooks\\useCallbackEvent.ts": {"path":"C:\\Users\\EE04997\\Desktop\\projects\\pdf-preview-fe-global\\src\\hooks\\useCallbackEvent.ts","statementMap":{"0":{"start":{"line":13,"column":32},"end":{"line":13,"column":38}},"1":{"start":{"line":19,"column":25},"end":{"line":19,"column":88}},"2":{"start":{"line":20,"column":32},"end":{"line":20,"column":85}},"3":{"start":{"line":23,"column":4},"end":{"line":23,"column":31}},"4":{"start":{"line":23,"column":25},"end":{"line":23,"column":31}},"5":{"start":{"line":24,"column":4},"end":{"line":24,"column":119}},"6":{"start":{"line":25,"column":4},"end":{"line":25,"column":38}},"7":{"start":{"line":26,"column":4},"end":{"line":26,"column":118}},"8":{"start":{"line":29,"column":2},"end":{"line":29,"column":28}}},"fnMap":{"0":{"name":"useCallbackEvent","decl":{"start":{"line":18,"column":24},"end":{"line":18,"column":40}},"loc":{"start":{"line":18,"column":62},"end":{"line":30,"column":1}},"line":18},"1":{"name":"triggerCallback","decl":{"start":{"line":22,"column":11},"end":{"line":22,"column":26}},"loc":{"start":{"line":22,"column":35},"end":{"line":27,"column":3}},"line":22}},"branchMap":{"0":{"loc":{"start":{"line":23,"column":4},"end":{"line":23,"column":31}},"type":"if","locations":[{"start":{"line":23,"column":4},"end":{"line":23,"column":31}},{"start":{},"end":{}}],"line":23}},"s":{"0":1,"1":2,"2":2,"3":2,"4":1,"5":1,"6":1,"7":1,"8":2},"f":{"0":2,"1":2},"b":{"0":[1,1]},"_coverageSchema":"1a1c01bbd47fc00a2c39e90264f33305004495a9","hash":"24b1409fb70d67a393a82bfb39935d529d817741"}
,"C:\\Users\\EE04997\\Desktop\\projects\\pdf-preview-fe-global\\src\\hooks\\useFetchDocPreview.ts": {"path":"C:\\Users\\EE04997\\Desktop\\projects\\pdf-preview-fe-global\\src\\hooks\\useFetchDocPreview.ts","statementMap":{"0":{"start":{"line":16,"column":22},"end":{"line":16,"column":28}},"1":{"start":{"line":30,"column":39},"end":{"line":30,"column":79}},"2":{"start":{"line":31,"column":24},"end":{"line":31,"column":87}},"3":{"start":{"line":39,"column":25},"end":{"line":56,"column":5}},"4":{"start":{"line":40,"column":6},"end":{"line":40,"column":35}},"5":{"start":{"line":40,"column":24},"end":{"line":40,"column":35}},"6":{"start":{"line":41,"column":6},"end":{"line":41,"column":113}},"7":{"start":{"line":42,"column":21},"end":{"line":47,"column":8}},"8":{"start":{"line":48,"column":6},"end":{"line":48,"column":113}},"9":{"start":{"line":49,"column":6},"end":{"line":49,"column":62}},"10":{"start":{"line":49,"column":51},"end":{"line":49,"column":62}},"11":{"start":{"line":50,"column":6},"end":{"line":53,"column":7}},"12":{"start":{"line":51,"column":8},"end":{"line":51,"column":25}},"13":{"start":{"line":52,"column":8},"end":{"line":52,"column":46}},"14":{"start":{"line":55,"column":6},"end":{"line":55,"column":19}},"15":{"start":{"line":58,"column":4},"end":{"line":58,"column":32}},"16":{"start":{"line":61,"column":2},"end":{"line":61,"column":26}}},"fnMap":{"0":{"name":"useFetchPreview","decl":{"start":{"line":29,"column":16},"end":{"line":29,"column":31}},"loc":{"start":{"line":29,"column":119},"end":{"line":62,"column":1}},"line":29},"1":{"name":"fetchDocument","decl":{"start":{"line":33,"column":17},"end":{"line":33,"column":30}},"loc":{"start":{"line":36,"column":80},"end":{"line":59,"column":3}},"line":36},"2":{"name":"(anonymous_2)","decl":{"start":{"line":39,"column":25},"end":{"line":39,"column":26}},"loc":{"start":{"line":39,"column":99},"end":{"line":56,"column":5}},"line":39}},"branchMap":{"0":{"loc":{"start":{"line":29,"column":32},"end":{"line":29,"column":83}},"type":"default-arg","locations":[{"start":{"line":29,"column":81},"end":{"line":29,"column":83}}],"line":29},"1":{"loc":{"start":{"line":40,"column":6},"end":{"line":40,"column":35}},"type":"if","locations":[{"start":{"line":40,"column":6},"end":{"line":40,"column":35}},{"start":{},"end":{}}],"line":40},"2":{"loc":{"start":{"line":49,"column":6},"end":{"line":49,"column":62}},"type":"if","locations":[{"start":{"line":49,"column":6},"end":{"line":49,"column":62}},{"start":{},"end":{}}],"line":49},"3":{"loc":{"start":{"line":49,"column":10},"end":{"line":49,"column":49}},"type":"binary-expr","locations":[{"start":{"line":49,"column":10},"end":{"line":49,"column":30}},{"start":{"line":49,"column":34},"end":{"line":49,"column":49}}],"line":49},"4":{"loc":{"start":{"line":50,"column":6},"end":{"line":53,"column":7}},"type":"if","locations":[{"start":{"line":50,"column":6},"end":{"line":53,"column":7}},{"start":{},"end":{}}],"line":50}},"s":{"0":1,"1":2,"2":2,"3":2,"4":7,"5":1,"6":6,"7":6,"8":6,"9":6,"10":0,"11":6,"12":5,"13":5,"14":1,"15":2,"16":2},"f":{"0":2,"1":2,"2":7},"b":{"0":[2],"1":[1,6],"2":[0,6],"3":[6,6],"4":[5,1]},"_coverageSchema":"1a1c01bbd47fc00a2c39e90264f33305004495a9","hash":"a9485bcc29de3929cd103911bb75e6f9de5243f3"}
,"C:\\Users\\EE04997\\Desktop\\projects\\pdf-preview-fe-global\\src\\hooks\\useInitParams.ts": {"path":"C:\\Users\\EE04997\\Desktop\\projects\\pdf-preview-fe-global\\src\\hooks\\useInitParams.ts","statementMap":{"0":{"start":{"line":16,"column":51},"end":{"line":16,"column":75}},"1":{"start":{"line":18,"column":24},"end":{"line":18,"column":73}},"2":{"start":{"line":21,"column":19},"end":{"line":21,"column":35}},"3":{"start":{"line":22,"column":23},"end":{"line":22,"column":86}},"4":{"start":{"line":24,"column":27},"end":{"line":51,"column":3}},"5":{"start":{"line":25,"column":4},"end":{"line":25,"column":113}},"6":{"start":{"line":26,"column":26},"end":{"line":26,"column":79}},"7":{"start":{"line":26,"column":58},"end":{"line":26,"column":78}},"8":{"start":{"line":28,"column":4},"end":{"line":36,"column":5}},"9":{"start":{"line":29,"column":6},"end":{"line":35,"column":7}},"10":{"start":{"line":38,"column":31},"end":{"line":47,"column":5}},"11":{"start":{"line":49,"column":4},"end":{"line":49,"column":50}},"12":{"start":{"line":50,"column":4},"end":{"line":50,"column":112}},"13":{"start":{"line":53,"column":2},"end":{"line":53,"column":29}}},"fnMap":{"0":{"name":"useInitParams","decl":{"start":{"line":20,"column":24},"end":{"line":20,"column":37}},"loc":{"start":{"line":20,"column":62},"end":{"line":54,"column":1}},"line":20},"1":{"name":"(anonymous_1)","decl":{"start":{"line":24,"column":27},"end":{"line":24,"column":28}},"loc":{"start":{"line":24,"column":39},"end":{"line":51,"column":3}},"line":24},"2":{"name":"(anonymous_2)","decl":{"start":{"line":26,"column":49},"end":{"line":26,"column":50}},"loc":{"start":{"line":26,"column":58},"end":{"line":26,"column":78}},"line":26}},"branchMap":{"0":{"loc":{"start":{"line":28,"column":4},"end":{"line":36,"column":5}},"type":"if","locations":[{"start":{"line":28,"column":4},"end":{"line":36,"column":5}},{"start":{},"end":{}}],"line":28},"1":{"loc":{"start":{"line":40,"column":19},"end":{"line":40,"column":53}},"type":"binary-expr","locations":[{"start":{"line":40,"column":19},"end":{"line":40,"column":44}},{"start":{"line":40,"column":48},"end":{"line":40,"column":53}}],"line":40},"2":{"loc":{"start":{"line":41,"column":23},"end":{"line":41,"column":61}},"type":"binary-expr","locations":[{"start":{"line":41,"column":23},"end":{"line":41,"column":52}},{"start":{"line":41,"column":56},"end":{"line":41,"column":61}}],"line":41},"3":{"loc":{"start":{"line":42,"column":26},"end":{"line":42,"column":67}},"type":"binary-expr","locations":[{"start":{"line":42,"column":26},"end":{"line":42,"column":58}},{"start":{"line":42,"column":62},"end":{"line":42,"column":67}}],"line":42},"4":{"loc":{"start":{"line":43,"column":22},"end":{"line":43,"column":59}},"type":"binary-expr","locations":[{"start":{"line":43,"column":22},"end":{"line":43,"column":50}},{"start":{"line":43,"column":54},"end":{"line":43,"column":59}}],"line":43},"5":{"loc":{"start":{"line":44,"column":17},"end":{"line":44,"column":49}},"type":"binary-expr","locations":[{"start":{"line":44,"column":17},"end":{"line":44,"column":40}},{"start":{"line":44,"column":44},"end":{"line":44,"column":49}}],"line":44},"6":{"loc":{"start":{"line":45,"column":23},"end":{"line":45,"column":61}},"type":"binary-expr","locations":[{"start":{"line":45,"column":23},"end":{"line":45,"column":52}},{"start":{"line":45,"column":56},"end":{"line":45,"column":61}}],"line":45},"7":{"loc":{"start":{"line":46,"column":29},"end":{"line":46,"column":73}},"type":"binary-expr","locations":[{"start":{"line":46,"column":29},"end":{"line":46,"column":64}},{"start":{"line":46,"column":68},"end":{"line":46,"column":73}}],"line":46}},"s":{"0":1,"1":1,"2":1,"3":1,"4":1,"5":1,"6":1,"7":3,"8":1,"9":0,"10":1,"11":1,"12":1,"13":1},"f":{"0":1,"1":1,"2":3},"b":{"0":[0,1],"1":[1,1],"2":[1,1],"3":[1,1],"4":[1,1],"5":[1,1],"6":[1,1],"7":[1,1]},"_coverageSchema":"1a1c01bbd47fc00a2c39e90264f33305004495a9","hash":"d89cc4c8384f834adde9c746bb8de86c89c63bcd"}
,"C:\\Users\\EE04997\\Desktop\\projects\\pdf-preview-fe-global\\src\\hooks\\useInitializeApp.ts": {"path":"C:\\Users\\EE04997\\Desktop\\projects\\pdf-preview-fe-global\\src\\hooks\\useInitializeApp.ts","statementMap":{"0":{"start":{"line":25,"column":19},"end":{"line":25,"column":35}},"1":{"start":{"line":26,"column":50},"end":{"line":28,"column":4}},"2":{"start":{"line":29,"column":19},"end":{"line":29,"column":32}},"3":{"start":{"line":30,"column":37},"end":{"line":30,"column":72}},"4":{"start":{"line":32,"column":24},"end":{"line":32,"column":59}},"5":{"start":{"line":35,"column":4},"end":{"line":47,"column":5}},"6":{"start":{"line":36,"column":6},"end":{"line":36,"column":81}},"7":{"start":{"line":37,"column":11},"end":{"line":47,"column":5}},"8":{"start":{"line":38,"column":6},"end":{"line":38,"column":36}},"9":{"start":{"line":40,"column":6},"end":{"line":46,"column":8}},"10":{"start":{"line":52,"column":27},"end":{"line":52,"column":39}},"11":{"start":{"line":54,"column":4},"end":{"line":64,"column":6}},"12":{"start":{"line":55,"column":6},"end":{"line":63,"column":8}},"13":{"start":{"line":56,"column":8},"end":{"line":56,"column":48}},"14":{"start":{"line":56,"column":42},"end":{"line":56,"column":48}},"15":{"start":{"line":57,"column":8},"end":{"line":62,"column":9}},"16":{"start":{"line":58,"column":10},"end":{"line":61,"column":12}},"17":{"start":{"line":67,"column":2},"end":{"line":101,"column":35}},"18":{"start":{"line":68,"column":4},"end":{"line":68,"column":43}},"19":{"start":{"line":68,"column":37},"end":{"line":68,"column":43}},"20":{"start":{"line":69,"column":4},"end":{"line":100,"column":8}},"21":{"start":{"line":70,"column":6},"end":{"line":70,"column":119}},"22":{"start":{"line":71,"column":33},"end":{"line":71,"column":76}},"23":{"start":{"line":72,"column":6},"end":{"line":72,"column":118}},"24":{"start":{"line":74,"column":6},"end":{"line":82,"column":7}},"25":{"start":{"line":75,"column":8},"end":{"line":81,"column":10}},"26":{"start":{"line":83,"column":6},"end":{"line":99,"column":7}},"27":{"start":{"line":84,"column":33},"end":{"line":84,"column":77}},"28":{"start":{"line":85,"column":8},"end":{"line":85,"column":84}},"29":{"start":{"line":85,"column":78},"end":{"line":85,"column":84}},"30":{"start":{"line":86,"column":8},"end":{"line":86,"column":60}},"31":{"start":{"line":87,"column":8},"end":{"line":87,"column":51}},"32":{"start":{"line":88,"column":8},"end":{"line":88,"column":77}},"33":{"start":{"line":90,"column":8},"end":{"line":98,"column":9}}},"fnMap":{"0":{"name":"useInitializeApp","decl":{"start":{"line":24,"column":16},"end":{"line":24,"column":32}},"loc":{"start":{"line":24,"column":41},"end":{"line":102,"column":1}},"line":24},"1":{"name":"initializeNavigation","decl":{"start":{"line":34,"column":11},"end":{"line":34,"column":31}},"loc":{"start":{"line":34,"column":79},"end":{"line":48,"column":3}},"line":34},"2":{"name":"validateDocumentDataList","decl":{"start":{"line":50,"column":11},"end":{"line":50,"column":35}},"loc":{"start":{"line":50,"column":77},"end":{"line":65,"column":3}},"line":50},"3":{"name":"(anonymous_3)","decl":{"start":{"line":54,"column":29},"end":{"line":54,"column":30}},"loc":{"start":{"line":54,"column":47},"end":{"line":64,"column":5}},"line":54},"4":{"name":"(anonymous_4)","decl":{"start":{"line":55,"column":43},"end":{"line":55,"column":44}},"loc":{"start":{"line":55,"column":61},"end":{"line":63,"column":7}},"line":55},"5":{"name":"(anonymous_5)","decl":{"start":{"line":67,"column":12},"end":{"line":67,"column":13}},"loc":{"start":{"line":67,"column":18},"end":{"line":101,"column":3}},"line":67},"6":{"name":"(anonymous_6)","decl":{"start":{"line":69,"column":10},"end":{"line":69,"column":11}},"loc":{"start":{"line":69,"column":22},"end":{"line":100,"column":5}},"line":69}},"branchMap":{"0":{"loc":{"start":{"line":35,"column":4},"end":{"line":47,"column":5}},"type":"if","locations":[{"start":{"line":35,"column":4},"end":{"line":47,"column":5}},{"start":{"line":37,"column":11},"end":{"line":47,"column":5}}],"line":35},"1":{"loc":{"start":{"line":37,"column":11},"end":{"line":47,"column":5}},"type":"if","locations":[{"start":{"line":37,"column":11},"end":{"line":47,"column":5}},{"start":{"line":39,"column":11},"end":{"line":47,"column":5}}],"line":37},"2":{"loc":{"start":{"line":56,"column":8},"end":{"line":56,"column":48}},"type":"if","locations":[{"start":{"line":56,"column":8},"end":{"line":56,"column":48}},{"start":{},"end":{}}],"line":56},"3":{"loc":{"start":{"line":57,"column":8},"end":{"line":62,"column":9}},"type":"if","locations":[{"start":{"line":57,"column":8},"end":{"line":62,"column":9}},{"start":{},"end":{}}],"line":57},"4":{"loc":{"start":{"line":68,"column":4},"end":{"line":68,"column":43}},"type":"if","locations":[{"start":{"line":68,"column":4},"end":{"line":68,"column":43}},{"start":{},"end":{}}],"line":68},"5":{"loc":{"start":{"line":74,"column":6},"end":{"line":82,"column":7}},"type":"if","locations":[{"start":{"line":74,"column":6},"end":{"line":82,"column":7}},{"start":{},"end":{}}],"line":74},"6":{"loc":{"start":{"line":85,"column":8},"end":{"line":85,"column":84}},"type":"if","locations":[{"start":{"line":85,"column":8},"end":{"line":85,"column":84}},{"start":{},"end":{}}],"line":85},"7":{"loc":{"start":{"line":85,"column":12},"end":{"line":85,"column":76}},"type":"binary-expr","locations":[{"start":{"line":85,"column":12},"end":{"line":85,"column":42}},{"start":{"line":85,"column":46},"end":{"line":85,"column":76}}],"line":85},"8":{"loc":{"start":{"line":92,"column":18},"end":{"line":92,"column":91}},"type":"binary-expr","locations":[{"start":{"line":92,"column":18},"end":{"line":92,"column":60}},{"start":{"line":92,"column":64},"end":{"line":92,"column":91}}],"line":92},"9":{"loc":{"start":{"line":93,"column":21},"end":{"line":93,"column":114}},"type":"binary-expr","locations":[{"start":{"line":93,"column":21},"end":{"line":93,"column":61}},{"start":{"line":93,"column":65},"end":{"line":93,"column":114}}],"line":93}},"s":{"0":0,"1":0,"2":0,"3":0,"4":0,"5":0,"6":0,"7":0,"8":0,"9":0,"10":0,"11":0,"12":0,"13":0,"14":0,"15":0,"16":0,"17":0,"18":0,"19":0,"20":0,"21":0,"22":0,"23":0,"24":0,"25":0,"26":0,"27":0,"28":0,"29":0,"30":0,"31":0,"32":0,"33":0},"f":{"0":0,"1":0,"2":0,"3":0,"4":0,"5":0,"6":0},"b":{"0":[0,0],"1":[0,0],"2":[0,0],"3":[0,0],"4":[0,0],"5":[0,0],"6":[0,0],"7":[0,0],"8":[0,0],"9":[0,0]}}
,"C:\\Users\\EE04997\\Desktop\\projects\\pdf-preview-fe-global\\src\\hooks\\usePromoteArchiveToSign.ts": {"path":"C:\\Users\\EE04997\\Desktop\\projects\\pdf-preview-fe-global\\src\\hooks\\usePromoteArchiveToSign.ts","statementMap":{"0":{"start":{"line":31,"column":29},"end":{"line":31,"column":35}},"1":{"start":{"line":32,"column":36},"end":{"line":32,"column":45}},"2":{"start":{"line":37,"column":18},"end":{"line":37,"column":30}},"3":{"start":{"line":38,"column":65},"end":{"line":38,"column":100}},"4":{"start":{"line":39,"column":22},"end":{"line":39,"column":38}},"5":{"start":{"line":42,"column":16},"end":{"line":47,"column":14}},"6":{"start":{"line":49,"column":4},"end":{"line":49,"column":119}},"7":{"start":{"line":50,"column":21},"end":{"line":50,"column":65}},"8":{"start":{"line":51,"column":4},"end":{"line":51,"column":118}},"9":{"start":{"line":54,"column":4},"end":{"line":68,"column":5}},"10":{"start":{"line":55,"column":6},"end":{"line":55,"column":28}},"11":{"start":{"line":56,"column":6},"end":{"line":56,"column":21}},"12":{"start":{"line":58,"column":27},"end":{"line":58,"column":87}},"13":{"start":{"line":59,"column":27},"end":{"line":61,"column":48}},"14":{"start":{"line":63,"column":6},"end":{"line":67,"column":8}},"15":{"start":{"line":72,"column":17},"end":{"line":76,"column":5}},"16":{"start":{"line":78,"column":25},"end":{"line":78,"column":104}},"17":{"start":{"line":79,"column":4},"end":{"line":85,"column":5}},"18":{"start":{"line":80,"column":18},"end":{"line":80,"column":49}},"19":{"start":{"line":81,"column":6},"end":{"line":81,"column":82}},"20":{"start":{"line":82,"column":6},"end":{"line":82,"column":114}},"21":{"start":{"line":83,"column":6},"end":{"line":83,"column":43}},"22":{"start":{"line":84,"column":6},"end":{"line":84,"column":113}},"23":{"start":{"line":88,"column":2},"end":{"line":88,"column":33}}},"fnMap":{"0":{"name":"usePromoteArchiveToSign","decl":{"start":{"line":34,"column":16},"end":{"line":34,"column":39}},"loc":{"start":{"line":36,"column":71},"end":{"line":89,"column":1}},"line":36},"1":{"name":"promoteArchiveToSign","decl":{"start":{"line":41,"column":17},"end":{"line":41,"column":37}},"loc":{"start":{"line":41,"column":58},"end":{"line":69,"column":3}},"line":41},"2":{"name":"wizardRedirect","decl":{"start":{"line":71,"column":17},"end":{"line":71,"column":31}},"loc":{"start":{"line":71,"column":49},"end":{"line":86,"column":3}},"line":71}},"branchMap":{"0":{"loc":{"start":{"line":34,"column":40},"end":{"line":36,"column":37}},"type":"default-arg","locations":[{"start":{"line":36,"column":35},"end":{"line":36,"column":37}}],"line":34},"1":{"loc":{"start":{"line":54,"column":4},"end":{"line":68,"column":5}},"type":"if","locations":[{"start":{"line":54,"column":4},"end":{"line":68,"column":5}},{"start":{"line":57,"column":11},"end":{"line":68,"column":5}}],"line":54},"2":{"loc":{"start":{"line":79,"column":4},"end":{"line":85,"column":5}},"type":"if","locations":[{"start":{"line":79,"column":4},"end":{"line":85,"column":5}},{"start":{},"end":{}}],"line":79},"3":{"loc":{"start":{"line":81,"column":6},"end":{"line":81,"column":82}},"type":"cond-expr","locations":[{"start":{"line":81,"column":23},"end":{"line":81,"column":48}},{"start":{"line":81,"column":51},"end":{"line":81,"column":82}}],"line":81}},"s":{"0":2,"1":2,"2":0,"3":0,"4":0,"5":0,"6":0,"7":0,"8":0,"9":0,"10":0,"11":0,"12":0,"13":0,"14":0,"15":0,"16":0,"17":0,"18":0,"19":0,"20":0,"21":0,"22":0,"23":0},"f":{"0":0,"1":0,"2":0},"b":{"0":[0],"1":[0,0],"2":[0,0],"3":[0,0]},"_coverageSchema":"1a1c01bbd47fc00a2c39e90264f33305004495a9","hash":"a634441657cf5a3b96abeada3f487dab60328dff"}
,"C:\\Users\\EE04997\\Desktop\\projects\\pdf-preview-fe-global\\src\\pages\\documentList\\DocumentListPage.tsx": {"path":"C:\\Users\\EE04997\\Desktop\\projects\\pdf-preview-fe-global\\src\\pages\\documentList\\DocumentListPage.tsx","statementMap":{"0":{"start":{"line":16,"column":69},"end":{"line":18,"column":31}},"1":{"start":{"line":19,"column":30},"end":{"line":19,"column":48}},"2":{"start":{"line":20,"column":27},"end":{"line":20,"column":88}},"3":{"start":{"line":21,"column":30},"end":{"line":21,"column":44}},"4":{"start":{"line":22,"column":26},"end":{"line":22,"column":65}},"5":{"start":{"line":23,"column":2},"end":{"line":53,"column":3}}},"fnMap":{"0":{"name":"DocumentListPage","decl":{"start":{"line":15,"column":24},"end":{"line":15,"column":40}},"loc":{"start":{"line":15,"column":57},"end":{"line":54,"column":1}},"line":15}},"branchMap":{"0":{"loc":{"start":{"line":22,"column":26},"end":{"line":22,"column":65}},"type":"binary-expr","locations":[{"start":{"line":22,"column":26},"end":{"line":22,"column":42}},{"start":{"line":22,"column":46},"end":{"line":22,"column":65}}],"line":22},"1":{"loc":{"start":{"line":28,"column":24},"end":{"line":28,"column":61}},"type":"binary-expr","locations":[{"start":{"line":28,"column":24},"end":{"line":28,"column":38}},{"start":{"line":28,"column":42},"end":{"line":28,"column":61}}],"line":28},"2":{"loc":{"start":{"line":36,"column":9},"end":{"line":36,"column":86}},"type":"binary-expr","locations":[{"start":{"line":36,"column":9},"end":{"line":36,"column":30}},{"start":{"line":36,"column":34},"end":{"line":36,"column":86}}],"line":36},"3":{"loc":{"start":{"line":37,"column":9},"end":{"line":50,"column":9}},"type":"binary-expr","locations":[{"start":{"line":37,"column":9},"end":{"line":37,"column":24}},{"start":{"line":38,"column":10},"end":{"line":49,"column":22}}],"line":37},"4":{"loc":{"start":{"line":38,"column":27},"end":{"line":38,"column":57}},"type":"cond-expr","locations":[{"start":{"line":38,"column":51},"end":{"line":38,"column":52}},{"start":{"line":38,"column":55},"end":{"line":38,"column":57}}],"line":38}},"s":{"0":1,"1":1,"2":1,"3":1,"4":1,"5":1},"f":{"0":1},"b":{"0":[1,1],"1":[1,1],"2":[1,0],"3":[1,1],"4":[0,1]},"_coverageSchema":"1a1c01bbd47fc00a2c39e90264f33305004495a9","hash":"3bbe8ac8919f0d5c9fda670057bde7929b8368e1"}
,"C:\\Users\\EE04997\\Desktop\\projects\\pdf-preview-fe-global\\src\\pages\\error\\ErrorPage.tsx": {"path":"C:\\Users\\EE04997\\Desktop\\projects\\pdf-preview-fe-global\\src\\pages\\error\\ErrorPage.tsx","statementMap":{"0":{"start":{"line":29,"column":16},"end":{"line":29,"column":31}},"1":{"start":{"line":30,"column":21},"end":{"line":30,"column":56}},"2":{"start":{"line":32,"column":22},"end":{"line":36,"column":18}},"3":{"start":{"line":38,"column":2},"end":{"line":38,"column":62}},"4":{"start":{"line":38,"column":36},"end":{"line":38,"column":62}},"5":{"start":{"line":40,"column":26},"end":{"line":55,"column":8}},"6":{"start":{"line":41,"column":4},"end":{"line":41,"column":106}},"7":{"start":{"line":43,"column":4},"end":{"line":50,"column":5}},"8":{"start":{"line":44,"column":6},"end":{"line":44,"column":107}},"9":{"start":{"line":45,"column":6},"end":{"line":49,"column":7}},"10":{"start":{"line":51,"column":4},"end":{"line":54,"column":5}},"11":{"start":{"line":57,"column":2},"end":{"line":61,"column":3}},"12":{"start":{"line":59,"column":50},"end":{"line":59,"column":81}}},"fnMap":{"0":{"name":"ErrorPage","decl":{"start":{"line":28,"column":24},"end":{"line":28,"column":33}},"loc":{"start":{"line":28,"column":108},"end":{"line":62,"column":1}},"line":28},"1":{"name":"(anonymous_1)","decl":{"start":{"line":40,"column":38},"end":{"line":40,"column":39}},"loc":{"start":{"line":40,"column":61},"end":{"line":55,"column":3}},"line":40},"2":{"name":"(anonymous_2)","decl":{"start":{"line":59,"column":7},"end":{"line":59,"column":8}},"loc":{"start":{"line":59,"column":50},"end":{"line":59,"column":81}},"line":59}},"branchMap":{"0":{"loc":{"start":{"line":28,"column":69},"end":{"line":28,"column":86}},"type":"default-arg","locations":[{"start":{"line":28,"column":82},"end":{"line":28,"column":86}}],"line":28},"1":{"loc":{"start":{"line":32,"column":22},"end":{"line":36,"column":18}},"type":"cond-expr","locations":[{"start":{"line":33,"column":7},"end":{"line":33,"column":41}},{"start":{"line":34,"column":6},"end":{"line":36,"column":18}}],"line":32},"2":{"loc":{"start":{"line":34,"column":6},"end":{"line":36,"column":18}},"type":"cond-expr","locations":[{"start":{"line":35,"column":9},"end":{"line":35,"column":37}},{"start":{"line":36,"column":8},"end":{"line":36,"column":18}}],"line":34},"3":{"loc":{"start":{"line":38,"column":2},"end":{"line":38,"column":62}},"type":"if","locations":[{"start":{"line":38,"column":2},"end":{"line":38,"column":62}},{"start":{},"end":{}}],"line":38},"4":{"loc":{"start":{"line":43,"column":4},"end":{"line":50,"column":5}},"type":"if","locations":[{"start":{"line":43,"column":4},"end":{"line":50,"column":5}},{"start":{},"end":{}}],"line":43},"5":{"loc":{"start":{"line":46,"column":14},"end":{"line":46,"column":118}},"type":"cond-expr","locations":[{"start":{"line":46,"column":52},"end":{"line":46,"column":87}},{"start":{"line":46,"column":91},"end":{"line":46,"column":118}}],"line":46},"6":{"loc":{"start":{"line":47,"column":17},"end":{"line":47,"column":89}},"type":"cond-expr","locations":[{"start":{"line":47,"column":57},"end":{"line":47,"column":77}},{"start":{"line":47,"column":80},"end":{"line":47,"column":89}}],"line":47},"7":{"loc":{"start":{"line":48,"column":17},"end":{"line":48,"column":89}},"type":"cond-expr","locations":[{"start":{"line":48,"column":57},"end":{"line":48,"column":77}},{"start":{"line":48,"column":80},"end":{"line":48,"column":89}}],"line":48},"8":{"loc":{"start":{"line":53,"column":15},"end":{"line":53,"column":69}},"type":"cond-expr","locations":[{"start":{"line":53,"column":51},"end":{"line":53,"column":62}},{"start":{"line":53,"column":65},"end":{"line":53,"column":69}}],"line":53}},"s":{"0":2,"1":2,"2":2,"3":2,"4":1,"5":2,"6":2,"7":2,"8":1,"9":1,"10":1,"11":2,"12":0},"f":{"0":2,"1":2,"2":0},"b":{"0":[0],"1":[0,2],"2":[1,1],"3":[1,1],"4":[1,1],"5":[1,0],"6":[1,0],"7":[1,0],"8":[0,1]},"_coverageSchema":"1a1c01bbd47fc00a2c39e90264f33305004495a9","hash":"3d4c025698ef762d0ad057db022469b74fad7ede"}
,"C:\\Users\\EE04997\\Desktop\\projects\\pdf-preview-fe-global\\src\\pages\\pdfPreview\\PdfPreviewPage.tsx": {"path":"C:\\Users\\EE04997\\Desktop\\projects\\pdf-preview-fe-global\\src\\pages\\pdfPreview\\PdfPreviewPage.tsx","statementMap":{"0":{"start":{"line":31,"column":39},"end":{"line":31,"column":45}},"1":{"start":{"line":51,"column":6},"end":{"line":51,"column":69}},"2":{"start":{"line":52,"column":19},"end":{"line":52,"column":35}},"3":{"start":{"line":53,"column":30},"end":{"line":53,"column":48}},"4":{"start":{"line":54,"column":30},"end":{"line":54,"column":56}},"5":{"start":{"line":55,"column":19},"end":{"line":55,"column":32}},"6":{"start":{"line":56,"column":28},"end":{"line":56,"column":71}},"7":{"start":{"line":57,"column":23},"end":{"line":57,"column":54}},"8":{"start":{"line":58,"column":20},"end":{"line":58,"column":51}},"9":{"start":{"line":59,"column":19},"end":{"line":59,"column":32}},"10":{"start":{"line":61,"column":26},"end":{"line":61,"column":98}},"11":{"start":{"line":62,"column":25},"end":{"line":62,"column":59}},"12":{"start":{"line":64,"column":32},"end":{"line":64,"column":57}},"13":{"start":{"line":65,"column":30},"end":{"line":65,"column":44}},"14":{"start":{"line":66,"column":26},"end":{"line":66,"column":65}},"15":{"start":{"line":68,"column":2},"end":{"line":87,"column":20}},"16":{"start":{"line":69,"column":4},"end":{"line":69,"column":42}},"17":{"start":{"line":69,"column":36},"end":{"line":69,"column":42}},"18":{"start":{"line":70,"column":4},"end":{"line":86,"column":8}},"19":{"start":{"line":72,"column":8},"end":{"line":72,"column":94}},"20":{"start":{"line":72,"column":40},"end":{"line":72,"column":74}},"21":{"start":{"line":73,"column":37},"end":{"line":73,"column":82}},"22":{"start":{"line":74,"column":6},"end":{"line":85,"column":7}},"23":{"start":{"line":75,"column":8},"end":{"line":81,"column":10}},"24":{"start":{"line":83,"column":8},"end":{"line":83,"column":61}},"25":{"start":{"line":84,"column":8},"end":{"line":84,"column":27}},"26":{"start":{"line":90,"column":4},"end":{"line":90,"column":34}},"27":{"start":{"line":93,"column":2},"end":{"line":166,"column":3}},"28":{"start":{"line":138,"column":16},"end":{"line":140,"column":17}},"29":{"start":{"line":141,"column":16},"end":{"line":141,"column":46}},"30":{"start":{"line":142,"column":16},"end":{"line":144,"column":17}}},"fnMap":{"0":{"name":"PdfPreviewPage","decl":{"start":{"line":41,"column":24},"end":{"line":41,"column":38}},"loc":{"start":{"line":41,"column":55},"end":{"line":167,"column":1}},"line":41},"1":{"name":"(anonymous_1)","decl":{"start":{"line":68,"column":12},"end":{"line":68,"column":13}},"loc":{"start":{"line":68,"column":18},"end":{"line":87,"column":3}},"line":68},"2":{"name":"(anonymous_2)","decl":{"start":{"line":70,"column":10},"end":{"line":70,"column":11}},"loc":{"start":{"line":70,"column":22},"end":{"line":86,"column":5}},"line":70},"3":{"name":"(anonymous_3)","decl":{"start":{"line":72,"column":26},"end":{"line":72,"column":27}},"loc":{"start":{"line":72,"column":40},"end":{"line":72,"column":74}},"line":72},"4":{"name":"navigateToDocumentListPage","decl":{"start":{"line":89,"column":11},"end":{"line":89,"column":37}},"loc":{"start":{"line":89,"column":46},"end":{"line":91,"column":3}},"line":89},"5":{"name":"(anonymous_5)","decl":{"start":{"line":137,"column":23},"end":{"line":137,"column":24}},"loc":{"start":{"line":137,"column":29},"end":{"line":145,"column":15}},"line":137}},"branchMap":{"0":{"loc":{"start":{"line":61,"column":26},"end":{"line":61,"column":98}},"type":"binary-expr","locations":[{"start":{"line":61,"column":26},"end":{"line":61,"column":41}},{"start":{"line":61,"column":45},"end":{"line":61,"column":98}}],"line":61},"1":{"loc":{"start":{"line":66,"column":26},"end":{"line":66,"column":65}},"type":"binary-expr","locations":[{"start":{"line":66,"column":26},"end":{"line":66,"column":42}},{"start":{"line":66,"column":46},"end":{"line":66,"column":65}}],"line":66},"2":{"loc":{"start":{"line":69,"column":4},"end":{"line":69,"column":42}},"type":"if","locations":[{"start":{"line":69,"column":4},"end":{"line":69,"column":42}},{"start":{},"end":{}}],"line":69},"3":{"loc":{"start":{"line":72,"column":8},"end":{"line":72,"column":94}},"type":"binary-expr","locations":[{"start":{"line":72,"column":8},"end":{"line":72,"column":75}},{"start":{"line":72,"column":79},"end":{"line":72,"column":94}}],"line":72},"4":{"loc":{"start":{"line":74,"column":6},"end":{"line":85,"column":7}},"type":"if","locations":[{"start":{"line":74,"column":6},"end":{"line":85,"column":7}},{"start":{"line":82,"column":13},"end":{"line":85,"column":7}}],"line":74},"5":{"loc":{"start":{"line":93,"column":9},"end":{"line":166,"column":3}},"type":"cond-expr","locations":[{"start":{"line":94,"column":4},"end":{"line":163,"column":7}},{"start":{"line":165,"column":4},"end":{"line":165,"column":64}}],"line":93},"6":{"loc":{"start":{"line":93,"column":9},"end":{"line":93,"column":56}},"type":"binary-expr","locations":[{"start":{"line":93,"column":9},"end":{"line":93,"column":32}},{"start":{"line":93,"column":36},"end":{"line":93,"column":56}}],"line":93},"7":{"loc":{"start":{"line":101,"column":7},"end":{"line":109,"column":7}},"type":"binary-expr","locations":[{"start":{"line":101,"column":7},"end":{"line":101,"column":17}},{"start":{"line":102,"column":8},"end":{"line":108,"column":20}}],"line":101},"8":{"loc":{"start":{"line":112,"column":11},"end":{"line":121,"column":11}},"type":"cond-expr","locations":[{"start":{"line":113,"column":12},"end":{"line":113,"column":116}},{"start":{"line":115,"column":12},"end":{"line":120,"column":14}}],"line":112},"9":{"loc":{"start":{"line":122,"column":11},"end":{"line":126,"column":11}},"type":"binary-expr","locations":[{"start":{"line":122,"column":11},"end":{"line":122,"column":20}},{"start":{"line":123,"column":12},"end":{"line":125,"column":16}}],"line":122},"10":{"loc":{"start":{"line":129,"column":7},"end":{"line":129,"column":102}},"type":"binary-expr","locations":[{"start":{"line":129,"column":7},"end":{"line":129,"column":25}},{"start":{"line":129,"column":29},"end":{"line":129,"column":102}}],"line":129},"11":{"loc":{"start":{"line":132,"column":9},"end":{"line":161,"column":9}},"type":"cond-expr","locations":[{"start":{"line":133,"column":10},"end":{"line":149,"column":22}},{"start":{"line":151,"column":10},"end":{"line":160,"column":13}}],"line":132},"12":{"loc":{"start":{"line":152,"column":13},"end":{"line":152,"column":90}},"type":"binary-expr","locations":[{"start":{"line":152,"column":13},"end":{"line":152,"column":34}},{"start":{"line":152,"column":38},"end":{"line":152,"column":90}}],"line":152},"13":{"loc":{"start":{"line":153,"column":13},"end":{"line":159,"column":13}},"type":"binary-expr","locations":[{"start":{"line":153,"column":13},"end":{"line":153,"column":28}},{"start":{"line":154,"column":14},"end":{"line":158,"column":26}}],"line":153},"14":{"loc":{"start":{"line":154,"column":31},"end":{"line":154,"column":61}},"type":"cond-expr","locations":[{"start":{"line":154,"column":55},"end":{"line":154,"column":56}},{"start":{"line":154,"column":59},"end":{"line":154,"column":61}}],"line":154}},"s":{"0":1,"1":4,"2":4,"3":4,"4":4,"5":3,"6":3,"7":3,"8":3,"9":3,"10":3,"11":3,"12":3,"13":3,"14":3,"15":3,"16":2,"17":0,"18":2,"19":2,"20":2,"21":2,"22":2,"23":0,"24":2,"25":2,"26":0,"27":3,"28":0,"29":0,"30":0},"f":{"0":4,"1":2,"2":2,"3":2,"4":0,"5":0},"b":{"0":[3,0],"1":[3,3],"2":[0,2],"3":[2,2],"4":[0,2],"5":[1,2],"6":[3,1],"7":[1,1],"8":[0,1],"9":[1,1],"10":[1,0],"11":[0,1],"12":[1,0],"13":[1,1],"14":[0,1]},"_coverageSchema":"1a1c01bbd47fc00a2c39e90264f33305004495a9","hash":"7469b995e51da63fdfa176c4f2f99262026ec1b1"}
}
