TN:
SF:src\components\navbarHeader\NavBarHeader.tsx
FN:25,NavBarHeader
FN:36,showHelpModal
FN:51,(anonymous_2)
FN:71,(anonymous_3)
FNF:4
FNH:3
FNDA:5,NavBarHeader
FNDA:0,showHelpModal
FNDA:1,(anonymous_2)
FNDA:1,(anonymous_3)
DA:23,3
DA:32,5
DA:33,5
DA:34,5
DA:37,0
DA:38,0
DA:39,0
DA:40,0
DA:42,5
DA:52,1
DA:53,1
DA:54,1
DA:72,1
LF:13
LH:9
BRDA:37,0,0,0
BRDA:37,0,1,0
BRDA:45,1,0,5
BRDA:45,1,1,4
BRDA:60,2,0,5
BRDA:60,2,1,4
BRDA:65,3,0,5
BRDA:65,3,1,4
BRF:8
BRH:6
end_of_record
TN:
SF:src\components\rejectConfirmButtons\RejectConfirmButtons.tsx
FN:24,RejectConfirmButtons
FN:29,actOnReject
FN:46,(anonymous_2)
FN:58,(anonymous_3)
FNF:4
FNH:0
FNDA:0,RejectConfirmButtons
FNDA:0,actOnReject
FNDA:0,(anonymous_2)
FNDA:0,(anonymous_3)
DA:22,2
DA:25,0
DA:26,0
DA:27,0
DA:30,0
DA:31,0
DA:32,0
DA:34,0
DA:35,0
DA:37,0
DA:39,0
DA:47,0
DA:59,0
LF:13
LH:1
BRDA:31,0,0,0
BRDA:31,0,1,0
BRDA:53,1,0,0
BRDA:53,1,1,0
BRF:4
BRH:0
end_of_record
TN:
SF:src\features\documentList\DocumentListView.tsx
FN:10,DocumentListView
FN:14,(anonymous_1)
FN:15,(anonymous_2)
FNF:3
FNH:3
FNDA:4,DocumentListView
FNDA:2,(anonymous_1)
FNDA:2,(anonymous_2)
DA:11,4
DA:12,4
DA:14,4
DA:15,2
DA:16,2
DA:23,2
DA:30,4
LF:7
LH:7
BRDA:16,0,0,1
BRDA:16,0,1,1
BRDA:23,1,0,1
BRDA:23,1,1,1
BRDA:30,2,0,2
BRDA:30,2,1,2
BRDA:30,3,0,4
BRDA:30,3,1,2
BRF:8
BRH:8
end_of_record
TN:
SF:src\features\documentList\components\structure\DocumentCard.tsx
FN:16,DocumentCard
FN:36,(anonymous_1)
FNF:2
FNH:2
FNDA:5,DocumentCard
FNDA:1,(anonymous_1)
DA:17,5
DA:18,5
DA:19,5
DA:23,5
DA:24,5
DA:37,1
DA:40,1
DA:41,1
LF:8
LH:8
BRDA:30,0,0,4
BRDA:30,0,1,1
BRDA:32,1,0,2
BRDA:32,1,1,3
BRDA:34,2,0,2
BRDA:34,2,1,3
BRF:6
BRH:6
end_of_record
TN:
SF:src\features\documentList\components\structure\DocumentLink.tsx
FN:16,DocumentLink
FN:28,(anonymous_1)
FNF:2
FNH:2
FNDA:4,DocumentLink
FNDA:1,(anonymous_1)
DA:17,4
DA:18,4
DA:20,4
DA:29,1
DA:32,1
DA:33,1
LF:6
LH:6
BRDA:26,0,0,2
BRDA:26,0,1,2
BRDA:38,1,0,2
BRDA:38,1,1,2
BRF:4
BRH:4
end_of_record
TN:
SF:src\features\documentList\components\structure\TitleAndSubTitle.tsx
FN:8,TitleAndSubTitle
FNF:1
FNH:1
FNDA:6,TitleAndSubTitle
DA:9,6
DA:11,6
DA:12,6
LF:3
LH:3
BRDA:11,0,0,4
BRDA:11,0,1,2
BRDA:15,1,0,6
BRDA:15,1,1,5
BRF:4
BRH:4
end_of_record
TN:
SF:src\features\documentList\mapper\documentListInit.mapper.ts
FN:23,extractDocumentData
FN:58,toDocumentListInitMapper
FN:61,(anonymous_2)
FN:66,(anonymous_3)
FN:68,(anonymous_4)
FNF:5
FNH:1
FNDA:1,extractDocumentData
FNDA:0,toDocumentListInitMapper
FNDA:0,(anonymous_2)
FNDA:0,(anonymous_3)
FNDA:0,(anonymous_4)
DA:15,1
DA:24,1
DA:25,1
DA:29,1
DA:35,1
DA:36,1
DA:37,1
DA:39,1
DA:43,1
DA:44,1
DA:46,1
DA:61,0
DA:62,0
DA:64,0
DA:65,0
DA:66,0
DA:68,0
DA:69,0
DA:71,0
LF:19
LH:11
BRDA:29,0,0,1
BRDA:29,0,1,0
BRDA:44,1,0,1
BRDA:44,1,1,0
BRDA:64,2,0,0
BRDA:64,2,1,0
BRF:6
BRH:2
end_of_record
TN:
SF:src\features\documentList\slices\DocumentsSlice.ts
FN:18,(anonymous_0)
FN:22,(anonymous_1)
FN:23,(anonymous_2)
FN:24,(anonymous_3)
FNF:4
FNH:4
FNDA:1,(anonymous_0)
FNDA:1,(anonymous_1)
FNDA:1,(anonymous_2)
FNDA:1,(anonymous_3)
DA:8,3
DA:14,3
DA:18,1
DA:22,3
DA:23,3
DA:24,3
DA:26,3
LF:7
LH:7
BRF:0
BRH:0
end_of_record
TN:
SF:src\features\pdfpreview\components\PdfDownloadButton.tsx
FN:17,PdfDownloadButton
FN:18,(anonymous_1)
FN:38,(anonymous_2)
FNF:3
FNH:3
FNDA:2,PdfDownloadButton
FNDA:1,(anonymous_1)
FNDA:1,(anonymous_2)
DA:10,2
DA:18,2
DA:19,1
DA:20,1
DA:21,1
DA:23,1
DA:24,1
DA:25,1
DA:26,1
DA:28,1
DA:29,1
DA:32,2
DA:39,1
LF:13
LH:13
BRF:0
BRH:0
end_of_record
TN:
SF:src\hooks\useCallbackEvent.ts
FN:18,useCallbackEvent
FN:22,triggerCallback
FNF:2
FNH:2
FNDA:2,useCallbackEvent
FNDA:2,triggerCallback
DA:13,1
DA:19,2
DA:20,2
DA:23,2
DA:24,1
DA:25,1
DA:26,1
DA:29,2
LF:8
LH:8
BRDA:23,0,0,1
BRDA:23,0,1,1
BRF:2
BRH:2
end_of_record
TN:
SF:src\hooks\useFetchDocPreview.ts
FN:29,useFetchPreview
FN:33,fetchDocument
FN:39,(anonymous_2)
FNF:3
FNH:3
FNDA:2,useFetchPreview
FNDA:2,fetchDocument
FNDA:7,(anonymous_2)
DA:16,1
DA:30,2
DA:31,2
DA:39,2
DA:40,7
DA:41,6
DA:42,6
DA:48,6
DA:49,6
DA:50,6
DA:51,5
DA:52,5
DA:55,1
DA:58,2
DA:61,2
LF:15
LH:15
BRDA:29,0,0,2
BRDA:40,1,0,1
BRDA:40,1,1,6
BRDA:49,2,0,0
BRDA:49,2,1,6
BRDA:49,3,0,6
BRDA:49,3,1,6
BRDA:50,4,0,5
BRDA:50,4,1,1
BRF:9
BRH:8
end_of_record
TN:
SF:src\hooks\useInitParams.ts
FN:20,useInitParams
FN:24,(anonymous_1)
FN:26,(anonymous_2)
FNF:3
FNH:3
FNDA:1,useInitParams
FNDA:1,(anonymous_1)
FNDA:3,(anonymous_2)
DA:16,1
DA:18,1
DA:21,1
DA:22,1
DA:24,1
DA:25,1
DA:26,3
DA:28,1
DA:29,0
DA:38,1
DA:49,1
DA:50,1
DA:53,1
LF:13
LH:12
BRDA:28,0,0,0
BRDA:28,0,1,1
BRDA:40,1,0,1
BRDA:40,1,1,1
BRDA:41,2,0,1
BRDA:41,2,1,1
BRDA:42,3,0,1
BRDA:42,3,1,1
BRDA:43,4,0,1
BRDA:43,4,1,1
BRDA:44,5,0,1
BRDA:44,5,1,1
BRDA:45,6,0,1
BRDA:45,6,1,1
BRDA:46,7,0,1
BRDA:46,7,1,1
BRF:16
BRH:15
end_of_record
TN:
SF:src\hooks\useInitializeApp.ts
FN:24,useInitializeApp
FN:34,initializeNavigation
FN:50,validateDocumentDataList
FN:54,(anonymous_3)
FN:55,(anonymous_4)
FN:67,(anonymous_5)
FN:69,(anonymous_6)
FNF:7
FNH:0
FNDA:0,useInitializeApp
FNDA:0,initializeNavigation
FNDA:0,validateDocumentDataList
FNDA:0,(anonymous_3)
FNDA:0,(anonymous_4)
FNDA:0,(anonymous_5)
FNDA:0,(anonymous_6)
DA:25,0
DA:26,0
DA:29,0
DA:30,0
DA:32,0
DA:35,0
DA:36,0
DA:37,0
DA:38,0
DA:40,0
DA:52,0
DA:54,0
DA:55,0
DA:56,0
DA:57,0
DA:58,0
DA:67,0
DA:68,0
DA:69,0
DA:70,0
DA:71,0
DA:72,0
DA:74,0
DA:75,0
DA:83,0
DA:84,0
DA:85,0
DA:86,0
DA:87,0
DA:88,0
DA:90,0
LF:31
LH:0
BRDA:35,0,0,0
BRDA:35,0,1,0
BRDA:37,1,0,0
BRDA:37,1,1,0
BRDA:56,2,0,0
BRDA:56,2,1,0
BRDA:57,3,0,0
BRDA:57,3,1,0
BRDA:68,4,0,0
BRDA:68,4,1,0
BRDA:74,5,0,0
BRDA:74,5,1,0
BRDA:85,6,0,0
BRDA:85,6,1,0
BRDA:85,7,0,0
BRDA:85,7,1,0
BRDA:92,8,0,0
BRDA:92,8,1,0
BRDA:93,9,0,0
BRDA:93,9,1,0
BRF:20
BRH:0
end_of_record
TN:
SF:src\hooks\usePromoteArchiveToSign.ts
FN:34,usePromoteArchiveToSign
FN:41,promoteArchiveToSign
FN:71,wizardRedirect
FNF:3
FNH:0
FNDA:0,usePromoteArchiveToSign
FNDA:0,promoteArchiveToSign
FNDA:0,wizardRedirect
DA:31,2
DA:32,2
DA:37,0
DA:38,0
DA:39,0
DA:42,0
DA:49,0
DA:50,0
DA:51,0
DA:54,0
DA:55,0
DA:56,0
DA:58,0
DA:59,0
DA:63,0
DA:72,0
DA:78,0
DA:79,0
DA:80,0
DA:81,0
DA:82,0
DA:83,0
DA:84,0
DA:88,0
LF:24
LH:2
BRDA:34,0,0,0
BRDA:54,1,0,0
BRDA:54,1,1,0
BRDA:79,2,0,0
BRDA:79,2,1,0
BRDA:81,3,0,0
BRDA:81,3,1,0
BRF:7
BRH:0
end_of_record
TN:
SF:src\pages\documentList\DocumentListPage.tsx
FN:15,DocumentListPage
FNF:1
FNH:1
FNDA:1,DocumentListPage
DA:16,1
DA:19,1
DA:20,1
DA:21,1
DA:22,1
DA:23,1
LF:6
LH:6
BRDA:22,0,0,1
BRDA:22,0,1,1
BRDA:28,1,0,1
BRDA:28,1,1,1
BRDA:36,2,0,1
BRDA:36,2,1,0
BRDA:37,3,0,1
BRDA:37,3,1,1
BRDA:38,4,0,0
BRDA:38,4,1,1
BRF:10
BRH:8
end_of_record
TN:
SF:src\pages\error\ErrorPage.tsx
FN:28,ErrorPage
FN:40,(anonymous_1)
FN:59,(anonymous_2)
FNF:3
FNH:2
FNDA:2,ErrorPage
FNDA:2,(anonymous_1)
FNDA:0,(anonymous_2)
DA:29,2
DA:30,2
DA:32,2
DA:38,2
DA:40,2
DA:41,2
DA:43,2
DA:44,1
DA:45,1
DA:51,1
DA:57,2
DA:59,0
LF:12
LH:11
BRDA:28,0,0,0
BRDA:32,1,0,0
BRDA:32,1,1,2
BRDA:34,2,0,1
BRDA:34,2,1,1
BRDA:38,3,0,1
BRDA:38,3,1,1
BRDA:43,4,0,1
BRDA:43,4,1,1
BRDA:46,5,0,1
BRDA:46,5,1,0
BRDA:47,6,0,1
BRDA:47,6,1,0
BRDA:48,7,0,1
BRDA:48,7,1,0
BRDA:53,8,0,0
BRDA:53,8,1,1
BRF:17
BRH:11
end_of_record
TN:
SF:src\pages\pdfPreview\PdfPreviewPage.tsx
FN:41,PdfPreviewPage
FN:68,(anonymous_1)
FN:70,(anonymous_2)
FN:72,(anonymous_3)
FN:89,navigateToDocumentListPage
FN:137,(anonymous_5)
FNF:6
FNH:4
FNDA:4,PdfPreviewPage
FNDA:2,(anonymous_1)
FNDA:2,(anonymous_2)
FNDA:2,(anonymous_3)
FNDA:0,navigateToDocumentListPage
FNDA:0,(anonymous_5)
DA:31,1
DA:51,4
DA:52,4
DA:53,4
DA:54,4
DA:55,3
DA:56,3
DA:57,3
DA:58,3
DA:59,3
DA:61,3
DA:62,3
DA:64,3
DA:65,3
DA:66,3
DA:68,3
DA:69,2
DA:70,2
DA:72,2
DA:73,2
DA:74,2
DA:75,0
DA:83,2
DA:84,2
DA:90,0
DA:93,3
DA:138,0
DA:141,0
DA:142,0
LF:29
LH:24
BRDA:61,0,0,3
BRDA:61,0,1,0
BRDA:66,1,0,3
BRDA:66,1,1,3
BRDA:69,2,0,0
BRDA:69,2,1,2
BRDA:72,3,0,2
BRDA:72,3,1,2
BRDA:74,4,0,0
BRDA:74,4,1,2
BRDA:93,5,0,1
BRDA:93,5,1,2
BRDA:93,6,0,3
BRDA:93,6,1,1
BRDA:101,7,0,1
BRDA:101,7,1,1
BRDA:112,8,0,0
BRDA:112,8,1,1
BRDA:122,9,0,1
BRDA:122,9,1,1
BRDA:129,10,0,1
BRDA:129,10,1,0
BRDA:132,11,0,0
BRDA:132,11,1,1
BRDA:152,12,0,1
BRDA:152,12,1,0
BRDA:153,13,0,1
BRDA:153,13,1,1
BRDA:154,14,0,0
BRDA:154,14,1,1
BRF:30
BRH:22
end_of_record
